/home/kdudka/git/smatch/ast-model.h:13:11: error: unable to open 'gtk/gtk.h' <--[smatch]
/home/kdudka/git/smatch/ast-model.h:45:25: error: expected ; at end of declaration <--[smatch]
/home/kdudka/git/smatch/ast-model.h:45:25: error: Expected } at end of struct-union-enum-specifier <--[smatch]
/home/kdudka/git/smatch/ast-model.h:45:25: error: got base <--[smatch]
/home/kdudka/git/smatch/ast-model.h:49:21: error: Expected ; at end of declaration <--[smatch]
/home/kdudka/git/smatch/ast-model.h:49:21: error: got * <--[smatch]
/home/kdudka/git/smatch/ast-model.h:52:16: error: Expected ; at end of declaration <--[smatch]
/home/kdudka/git/smatch/ast-model.h:52:16: error: got * <--[smatch]
/home/kdudka/git/smatch/ast-model.h:53:14: error: Expected ; at end of declaration <--[smatch]
/home/kdudka/git/smatch/ast-model.h:53:14: error: got stamp <--[smatch]
/home/kdudka/git/smatch/ast-model.h:54:1: error: Expected ; at the end of type declaration <--[smatch]
/home/kdudka/git/smatch/ast-model.h:54:1: error: got } <--[smatch]
/home/kdudka/git/smatch/ast-model.h:62:22: error: expected ; at end of declaration <--[smatch]
/home/kdudka/git/smatch/ast-model.h:62:22: error: Expected } at end of struct-union-enum-specifier <--[smatch]
/home/kdudka/git/smatch/ast-model.h:62:22: error: got base_class <--[smatch]
/home/kdudka/git/smatch/ast-model.h:63:1: error: Expected ; at the end of type declaration <--[smatch]
/home/kdudka/git/smatch/ast-model.h:63:1: error: got } <--[smatch]
/home/kdudka/git/smatch/ast-model.h:66:7: error: Expected ; at end of declaration <--[smatch]
/home/kdudka/git/smatch/ast-model.h:66:7: error: got ast_get_type <--[smatch]
/home/kdudka/git/smatch/ast-model.h:13:11: error: unable to open 'gtk/gtk.h' <--[smatch]
/home/kdudka/git/smatch/ast-model.h:45:25: error: expected ; at end of declaration <--[smatch]
/home/kdudka/git/smatch/ast-model.h:45:25: error: Expected } at end of struct-union-enum-specifier <--[smatch]
/home/kdudka/git/smatch/ast-model.h:45:25: error: got base <--[smatch]
/home/kdudka/git/smatch/ast-model.h:49:21: error: Expected ; at end of declaration <--[smatch]
/home/kdudka/git/smatch/ast-model.h:49:21: error: got * <--[smatch]
/home/kdudka/git/smatch/ast-model.h:52:16: error: Expected ; at end of declaration <--[smatch]
/home/kdudka/git/smatch/ast-model.h:52:16: error: got * <--[smatch]
/home/kdudka/git/smatch/ast-model.h:53:14: error: Expected ; at end of declaration <--[smatch]
/home/kdudka/git/smatch/ast-model.h:53:14: error: got stamp <--[smatch]
/home/kdudka/git/smatch/ast-model.h:54:1: error: Expected ; at the end of type declaration <--[smatch]
/home/kdudka/git/smatch/ast-model.h:54:1: error: got } <--[smatch]
/home/kdudka/git/smatch/ast-model.h:62:22: error: expected ; at end of declaration <--[smatch]
/home/kdudka/git/smatch/ast-model.h:62:22: error: Expected } at end of struct-union-enum-specifier <--[smatch]
/home/kdudka/git/smatch/ast-model.h:62:22: error: got base_class <--[smatch]
/home/kdudka/git/smatch/ast-model.h:63:1: error: Expected ; at the end of type declaration <--[smatch]
/home/kdudka/git/smatch/ast-model.h:63:1: error: got } <--[smatch]
/home/kdudka/git/smatch/ast-model.h:66:7: error: Expected ; at end of declaration <--[smatch]
/home/kdudka/git/smatch/ast-model.h:66:7: error: got ast_get_type <--[smatch]
/home/kdudka/git/smatch/ast-model.c:19:51: error: Expected ) in function declarator <--[smatch]
/home/kdudka/git/smatch/ast-model.c:19:51: error: got * <--[smatch]
/home/kdudka/git/smatch/ast-model.c:20:34: error: Expected ) in function declarator <--[smatch]
/home/kdudka/git/smatch/ast-model.c:20:34: error: got * <--[smatch]
/home/kdudka/git/smatch/ast-model.c:21:26: error: Expected ; at end of declaration <--[smatch]
/home/kdudka/git/smatch/ast-model.c:21:26: error: got ast_get_flags <--[smatch]
/home/kdudka/git/smatch/ast-model.c:22:13: error: Expected ; at end of declaration <--[smatch]
/home/kdudka/git/smatch/ast-model.c:22:13: error: got ast_get_n_columns <--[smatch]
/home/kdudka/git/smatch/ast-model.c:23:14: error: Expected ; at end of declaration <--[smatch]
/home/kdudka/git/smatch/ast-model.c:23:14: error: got ast_get_column_type <--[smatch]
/home/kdudka/git/smatch/ast-model.c:24:17: error: Expected ; at end of declaration <--[smatch]
/home/kdudka/git/smatch/ast-model.c:24:17: error: got ast_get_iter <--[smatch]
/home/kdudka/git/smatch/ast-model.c:26:20: error: Expected ; at end of declaration <--[smatch]
/home/kdudka/git/smatch/ast-model.c:26:20: error: got * <--[smatch]
/home/kdudka/git/smatch/ast-model.c:27:40: error: Expected ) in function declarator <--[smatch]
/home/kdudka/git/smatch/ast-model.c:27:40: error: got * <--[smatch]
/home/kdudka/git/smatch/ast-model.c:29:17: error: Expected ; at end of declaration <--[smatch]
/home/kdudka/git/smatch/ast-model.c:29:17: error: got ast_iter_next <--[smatch]
/home/kdudka/git/smatch/ast-model.c:30:17: error: Expected ; at end of declaration <--[smatch]
/home/kdudka/git/smatch/ast-model.c:30:17: error: got ast_iter_children <--[smatch]
/home/kdudka/git/smatch/ast-model.c:33:17: error: Expected ; at end of declaration <--[smatch]
/home/kdudka/git/smatch/ast-model.c:33:17: error: got ast_iter_has_child <--[smatch]
/home/kdudka/git/smatch/ast-model.c:34:13: error: Expected ; at end of declaration <--[smatch]
/home/kdudka/git/smatch/ast-model.c:34:13: error: got ast_iter_n_children <--[smatch]
/home/kdudka/git/smatch/ast-model.c:35:17: error: Expected ; at end of declaration <--[smatch]
/home/kdudka/git/smatch/ast-model.c:35:17: error: got ast_iter_nth_child <--[smatch]
/home/kdudka/git/smatch/ast-model.c:37:17: error: Expected ; at end of declaration <--[smatch]
/home/kdudka/git/smatch/ast-model.c:37:17: error: got ast_iter_parent <--[smatch]
/home/kdudka/git/smatch/ast-model.c:41:21: error: Expected ; at end of declaration <--[smatch]
/home/kdudka/git/smatch/ast-model.c:41:21: error: got * <--[smatch]
/home/kdudka/git/smatch/ast-model.c:63:48: error: typename in expression <--[smatch]
/home/kdudka/git/smatch/ast-model.c:63:57: error: No right hand side of '*'-expression <--[smatch]
/home/kdudka/git/smatch/ast-model.c:68:10: error: Expected ; at end of declaration <--[smatch]
/home/kdudka/git/smatch/ast-model.c:68:10: error: got ast_set_iter <--[smatch]
/home/kdudka/git/smatch/ast-model.c:71:13: error: Expected ; at end of declaration <--[smatch]
/home/kdudka/git/smatch/ast-model.c:71:13: error: got -> <--[smatch]
/home/kdudka/git/smatch/ast-model.c:72:9: error: Trying to use reserved word 'return' as identifier <--[smatch]
/home/kdudka/git/smatch/ast-model.c:72:16: error: Expected ; at end of declaration <--[smatch]
/home/kdudka/git/smatch/ast-model.c:72:16: error: got node <--[smatch]
/home/kdudka/git/smatch/ast-model.c:73:1: error: Expected ; at the end of type declaration <--[smatch]
/home/kdudka/git/smatch/ast-model.c:73:1: error: got } <--[smatch]
/home/kdudka/git/smatch/ast-model.c:89:32: error: Expected ; at end of declaration <--[smatch]
/home/kdudka/git/smatch/ast-model.c:89:32: error: got ast_info <--[smatch]
/home/kdudka/git/smatch/ast-model.c:100:37: error: Expected ; at end of declaration <--[smatch]
/home/kdudka/git/smatch/ast-model.c:100:37: error: got tree_model_info <--[smatch]
/home/kdudka/git/smatch/ast-model.c:108:9: error: Trying to use reserved word 'if' as identifier <--[smatch]
/home/kdudka/git/smatch/ast-model.c:109:17: error: Expected ; at end of declaration <--[smatch]
/home/kdudka/git/smatch/ast-model.c:109:17: error: got return <--[smatch]
/home/kdudka/git/smatch/ast-model.c:113:72: error: Expected ) in function call <--[smatch]
/home/kdudka/git/smatch/ast-model.c:113:72: error: got 0 <--[smatch]
/home/kdudka/git/smatch/ast-model.c:116:66: error: Expected ) in function declarator <--[smatch]
/home/kdudka/git/smatch/ast-model.c:116:66: error: got , <--[smatch]
/home/kdudka/git/smatch/ast-model.c:118:9: error: Trying to use reserved word 'return' as identifier <--[smatch]
/home/kdudka/git/smatch/ast-model.c:118:16: error: Expected ; at end of declaration <--[smatch]
/home/kdudka/git/smatch/ast-model.c:118:16: error: got ast_type <--[smatch]
/home/kdudka/git/smatch/ast-model.c:119:1: error: Expected ; at the end of type declaration <--[smatch]
/home/kdudka/git/smatch/ast-model.c:119:1: error: got } <--[smatch]
/home/kdudka/git/smatch/ast-model.c:135:38: error: No right hand side of '*'-expression <--[smatch]
/home/kdudka/git/smatch/ast-model.c:135:40: error: Expected ; at end of declaration <--[smatch]
/home/kdudka/git/smatch/ast-model.c:135:40: error: got g_type_class_peek_parent <--[smatch]
/home/kdudka/git/smatch/ast-model.c:136:38: error: No right hand side of '*'-expression <--[smatch]
/home/kdudka/git/smatch/ast-model.c:136:40: error: Expected ; at end of declaration <--[smatch]
/home/kdudka/git/smatch/ast-model.c:136:40: error: got klass <--[smatch]
/home/kdudka/git/smatch/ast-model.c:138:21: error: too many errors <--[smatch]
/home/kdudka/git/smatch/allocate.c:107 allocate() error: we previously assumed 'newblob' could be null (see line 104) <--[smatch]
/home/kdudka/git/smatch/builtin.c:76 arguments_choose() warn: inconsistent indenting <--[smatch]
/home/kdudka/git/smatch/check_assigned_expr.c:101 record_param_assignment() warn: variable dereferenced before check 'expr' (see line 99) <--[smatch]
/home/kdudka/git/smatch/check_double_checking.c:247 after_loop() info: ignoring unreachable code. <--[smatch]
/home/kdudka/git/smatch/check_uninitialized.c:209 match_call_struct_members() info: ignoring unreachable code. <--[smatch]
/home/kdudka/git/smatch/check_zero_to_err_ptr.c:66 next_line_checks_IS_ERR() warn: variable dereferenced before check 'next' (see line 64) <--[smatch]
/home/kdudka/git/smatch/compat-solaris.c:13 string_to_ld() warn: statement has no effect 3 <--[smatch]
/home/kdudka/git/smatch/compat-solaris.c:15 string_to_ld() warn: statement has no effect 3 <--[smatch]
/home/kdudka/git/smatch/compat-solaris.c:16 string_to_ld() warn: statement has no effect 3 <--[smatch]
/home/kdudka/git/smatch/compile-i386.c:426 stor_sym_init() warn: double check that we're allocating correct size: 8 vs 56 <--[smatch]
/home/kdudka/git/smatch/compile-i386.c:432 stor_sym_init() error: we previously assumed 'priv' could be null (see line 427) <--[smatch]
/home/kdudka/git/smatch/compile-i386.c:478 new_atom() error: we previously assumed 'atom' could be null (see line 475) <--[smatch]
/home/kdudka/git/smatch/compile-i386.c:518 new_storage() error: we previously assumed 'stor' could be null (see line 515) <--[smatch]
/home/kdudka/git/smatch/compile-i386.c:587 textbuf_push() error: we previously assumed 'tmp' could be null (see line 584) <--[smatch]
/home/kdudka/git/smatch/compile-i386.c:1019 sort_array() error: we previously assumed 'list' could be null (see line 1006) <--[smatch]
/home/kdudka/git/smatch/compile-i386.c:1694 emit_regular_preop() warn: missing break? reassigning '*opname' <--[smatch]
/home/kdudka/git/smatch/cse.c:166 phi_list_compare() info: ignoring unreachable code. <--[smatch]
/home/kdudka/git/smatch/evaluate.c:451 restricted_unop() warn: inconsistent indenting <--[smatch]
/home/kdudka/git/smatch/evaluate.c:662 type_difference() warn: variable dereferenced before check 't1' (see line 655) <--[smatch]
/home/kdudka/git/smatch/evaluate.c:670 type_difference() warn: variable dereferenced before check 't2' (see line 656) <--[smatch]
/home/kdudka/git/smatch/evaluate.c:2043 evaluate_member_dereference() warn: variable dereferenced before check 'ctype' (see line 2040) <--[smatch]
/home/kdudka/git/smatch/example.c:522 target_reg() error: we previously assumed 'reg->contains' could be null (see line 500) <--[smatch]
/home/kdudka/git/smatch/example.c:1634 final_pseudo_flush() error: we previously assumed 'dst->contains' could be null (see line 1603) <--[smatch]
/home/kdudka/git/smatch/expand.c:893 bit_offset() warn: variable dereferenced before check 'expr' (see line 889) <--[smatch]
/home/kdudka/git/smatch/expression.c:207 builtin_offsetof_expr() warn: missing break? reassigning 'e->type' <--[smatch]
/home/kdudka/git/smatch/expression.c:544 postfix_expression() warn: missing break? reassigning 'expr->type' <--[smatch]
/home/kdudka/git/smatch/flow.c:420 find_dominating_parents() error: we previously assumed 'dominators' could be null (see line 414) <--[smatch]
/home/kdudka/git/smatch/graph.c:132 graph_calls() error: we previously assumed 'bb->insns' could be null (see line 129) <--[smatch]
/home/kdudka/git/smatch/linearize.c:1033 linearize_inc_dec() warn: inconsistent indenting <--[smatch]
/home/kdudka/git/smatch/liveness.c:77 track_instruction_usage() warn: inconsistent indenting <--[smatch]
/home/kdudka/git/smatch/liveness.c:119 track_instruction_usage() warn: inconsistent indenting <--[smatch]
/home/kdudka/git/smatch/memops.c:103 simplify_loads() info: ignoring unreachable code. <--[smatch]
/home/kdudka/git/smatch/memops.c:163 kill_dominated_stores() info: ignoring unreachable code. <--[smatch]
/home/kdudka/git/smatch/pre-process.c:384 show_token_sequence() error: we previously assumed 'token' could be null (see line 377) <--[smatch]
/home/kdudka/git/smatch/simplify.c:613 simplify_constant_binop() debug: sval_binop_signed: invalid divide LLONG_MIN/-1 <--[smatch]
/home/kdudka/git/smatch/simplify.c:922 get_cast_value() warn: should '1 << (old_size - 1)' be a 64 bit type? <--[smatch]
/home/kdudka/git/smatch/simplify.c:926 get_cast_value() warn: should '1 << (new_size - 1)' be a 64 bit type? <--[smatch]
/home/kdudka/git/smatch/smatch_comparison.c:1729 get_all_possible_not_equal_comparisons() info: ignoring unreachable code. <--[smatch]
/home/kdudka/git/smatch/smatch_constraints.c:143 merge_func() info: ignoring unreachable code. <--[smatch]
/home/kdudka/git/smatch/smatch_db.c:535 sql_select_caller_info() warn: this array is probably non-NULL. 'sym->ident->name' <--[smatch]
/home/kdudka/git/smatch/smatch_db.c:1808 strip_expr_statement() error: we previously assumed 'last_stmt' could be null (see line 1807) <--[smatch]
/home/kdudka/git/smatch/smatch_estate.c:171 rlists_equiv() info: ignoring unreachable code. <--[smatch]
/home/kdudka/git/smatch/smatch_extra.c:1944 handle_MOD_condition() debug: sval_binop_signed: invalid divide LLONG_MIN/-1 <--[smatch]
/home/kdudka/git/smatch/smatch_function_hooks.c:772 fake_a_param_assignment() warn: variable dereferenced before check 'right' (see line 770) <--[smatch]
/home/kdudka/git/smatch/smatch_math.c:895 (null)() warn: inconsistent indenting <--[smatch]
/home/kdudka/git/smatch/smatch_math.c:907 (null)() info: ignoring unreachable code. <--[smatch]
/home/kdudka/git/smatch/smatch_math.c:951 (null)() warn: inconsistent indenting <--[smatch]
/usr/include/bits/sysmacros.h:27 match_end_func() warn: statement has no effect 5 <--[smatch]
/usr/lib/gcc/x86_64-redhat-linux/7/include/stddef.h:32 match_assign() warn: statement has no effect 3 <--[smatch]
/usr/include/bits/types/__sigset_t.h:64 match_array_assignment() warn: statement has no effect 3 <--[smatch]
/usr/include/bits/thread-shared-types.h:170 read_var_num() warn: statement has no effect 3 <--[smatch]
/usr/include/bits/wordsize.h:24 find_param_eq() warn: statement has no effect 3 <--[smatch]
/usr/lib/gcc/x86_64-redhat-linux/7/include/stddef.h:291 (null)() warn: inconsistent indenting <--[smatch]
/usr/lib/gcc/x86_64-redhat-linux/7/include/stddef.h:292 (null)() info: ignoring unreachable code. <--[smatch]
/usr/lib/gcc/x86_64-redhat-linux/7/include/stddef.h:296 (null)() warn: inconsistent indenting <--[smatch]
/usr/lib/gcc/x86_64-redhat-linux/7/include/stddef.h:299 (null)() warn: inconsistent indenting <--[smatch]
/usr/lib/gcc/x86_64-redhat-linux/7/include/stddef.h:304 (null)() warn: inconsistent indenting <--[smatch]
/usr/lib/gcc/x86_64-redhat-linux/7/include/stddef.h:308 (null)() warn: inconsistent indenting <--[smatch]
/usr/lib/gcc/x86_64-redhat-linux/7/include/stddef.h:312 (null)() warn: inconsistent indenting <--[smatch]
/usr/lib/gcc/x86_64-redhat-linux/7/include/stddef.h:315 (null)() warn: inconsistent indenting <--[smatch]
/usr/lib/gcc/x86_64-redhat-linux/7/include/stddef.h:1765 (null)() warn: inconsistent indenting <--[smatch]
/usr/lib/gcc/x86_64-redhat-linux/7/include/stddef.h:1773 (null)() info: ignoring unreachable code. <--[smatch]
/usr/lib/gcc/x86_64-redhat-linux/7/include/stddef.h:1777 (null)() warn: inconsistent indenting <--[smatch]
/usr/lib/gcc/x86_64-redhat-linux/7/include/stddef.h:1790 (null)() warn: inconsistent indenting <--[smatch]
/usr/lib/gcc/x86_64-redhat-linux/7/include/stddef.h:1801 (null)() warn: inconsistent indenting <--[smatch]
/usr/lib/gcc/x86_64-redhat-linux/7/include/stddef.h:1815 (null)() warn: inconsistent indenting <--[smatch]
/usr/lib/gcc/x86_64-redhat-linux/7/include/stddef.h:1824 (null)() warn: inconsistent indenting <--[smatch]
/usr/lib/gcc/x86_64-redhat-linux/7/include/stddef.h:1833 (null)() warn: inconsistent indenting <--[smatch]
/usr/include/bits/waitstatus.h:92 match_assign() warn: statement has no effect 3 <--[smatch]
/usr/include/stdc-predef.h:714 __merge_stree() warn: statement has no effect 3 <--[smatch]
/usr/include/stdc-predef.h:715 __merge_stree() warn: statement has no effect 3 <--[smatch]
/usr/include/stdc-predef.h:811 merge_fake_stree() warn: statement has no effect 3 <--[smatch]
/usr/include/stdc-predef.h:812 merge_fake_stree() warn: statement has no effect 3 <--[smatch]
/usr/include/bits/uintn-identity.h:280 (null)() warn: inconsistent indenting <--[smatch]
/usr/include/bits/uintn-identity.h:281 (null)() info: ignoring unreachable code. <--[smatch]
/usr/include/bits/uintn-identity.h:283 (null)() warn: inconsistent indenting <--[smatch]
/usr/include/bits/select.h:311 (null)() warn: inconsistent indenting <--[smatch]
/usr/include/bits/select.h:312 (null)() info: ignoring unreachable code. <--[smatch]
/usr/include/bits/select.h:319 (null)() warn: inconsistent indenting <--[smatch]
/usr/include/bits/select.h:322 (null)() warn: inconsistent indenting <--[smatch]
/usr/include/bits/select.h:325 (null)() warn: inconsistent indenting <--[smatch]
/usr/include/bits/select.h:333 (null)() warn: inconsistent indenting <--[smatch]
/usr/include/bits/select.h:336 (null)() warn: inconsistent indenting <--[smatch]
/usr/include/bits/select.h:339 (null)() warn: inconsistent indenting <--[smatch]
/usr/include/bits/select.h:342 (null)() warn: inconsistent indenting <--[smatch]
/usr/include/bits/select.h:345 (null)() warn: inconsistent indenting <--[smatch]
/usr/include/bits/select.h:348 (null)() warn: inconsistent indenting <--[smatch]
/usr/include/bits/select.h:352 (null)() warn: inconsistent indenting <--[smatch]
/usr/include/bits/select.h:366 (null)() warn: inconsistent indenting <--[smatch]
/usr/include/bits/select.h:367 (null)() info: ignoring unreachable code. <--[smatch]
/usr/include/bits/select.h:377 (null)() warn: inconsistent indenting <--[smatch]
/usr/include/bits/select.h:380 (null)() warn: inconsistent indenting <--[smatch]
/usr/include/bits/select.h:383 (null)() warn: inconsistent indenting <--[smatch]
/usr/include/bits/select.h:391 (null)() warn: inconsistent indenting <--[smatch]
/usr/include/bits/select.h:394 (null)() warn: inconsistent indenting <--[smatch]
/usr/include/bits/select.h:397 (null)() warn: inconsistent indenting <--[smatch]
/usr/include/bits/select.h:400 (null)() warn: inconsistent indenting <--[smatch]
/usr/include/bits/select.h:403 (null)() warn: inconsistent indenting <--[smatch]
/usr/include/bits/select.h:406 (null)() warn: inconsistent indenting <--[smatch]
/usr/include/bits/select.h:410 (null)() warn: inconsistent indenting <--[smatch]
/usr/include/bits/select.h:473 (null)() warn: inconsistent indenting <--[smatch]
/usr/include/bits/select.h:478 (null)() info: ignoring unreachable code. <--[smatch]
/usr/include/bits/select.h:489 (null)() warn: inconsistent indenting <--[smatch]
/usr/include/bits/select.h:496 (null)() warn: inconsistent indenting <--[smatch]
/usr/include/bits/select.h:516 (null)() warn: inconsistent indenting <--[smatch]
/usr/include/bits/select.h:526 (null)() warn: right shift assign to zero <--[smatch]
/usr/include/bits/types/struct_timeval.h:703 type_str_helper() warn: inconsistent indenting <--[smatch]
/usr/include/bits/types/struct_timeval.h:705 type_str_helper() warn: inconsistent indenting <--[smatch]
/usr/include/bits/pthreadtypes.h:512 asm_expr() warn: inconsistent indenting <--[smatch]
/usr/include/bits/pthreadtypes.h:512 asm_expr() info: ignoring unreachable code. <--[smatch]
/usr/include/bits/stdlib-float.h:117 add_var_sym() warn: statement has no effect 3 <--[smatch]
/usr/include/bits/libc-header-start.h:191 check_call_instruction() warn: statement has no effect 3 <--[smatch]
/usr/include/stdlib.h:323 (null)() warn: inconsistent indenting <--[smatch]
/usr/include/sqlite3.h:293 hash_stream() warn: statement has no effect 3 <--[smatch]
