Using built-in specs.
COLLECT_GCC=gcc
COLLECT_LTO_WRAPPER=/usr/libexec/gcc/x86_64-redhat-linux/4.7.2/lto-wrapper
Target: x86_64-redhat-linux
Configured with: ../configure --prefix=/usr --mandir=/usr/share/man --infodir=/usr/share/info --with-bugurl=http://bugzilla.redhat.com/bugzilla --enable-bootstrap --enable-shared --enable-threads=posix --enable-checking=release --disable-build-with-cxx --disable-build-poststage1-with-cxx --with-system-zlib --enable-__cxa_atexit --disable-libunwind-exceptions --enable-gnu-unique-object --enable-linker-build-id --with-linker-hash-style=gnu --enable-languages=c,c++,objc,obj-c++,java,fortran,ada,go,lto --enable-plugin --enable-initfini-array --enable-java-awt=gtk --disable-dssi --with-java-home=/usr/lib/jvm/java-1.5.0-gcj-1.5.0.0/jre --enable-libgcj-multifile --enable-java-maintainer-mode --with-ecj-jar=/usr/share/java/eclipse-ecj.jar --disable-libjava-multilib --with-ppl --with-cloog --with-tune=generic --with-arch_32=i686 --build=x86_64-redhat-linux
Thread model: posix
gcc version 4.7.2 20121109 (Red Hat 4.7.2-8) (GCC) 
gcc: error: unrecognized command line option '-V'
gcc: fatal error: no input files
compilation terminated.
gcc: error: unrecognized command line option '-qversion'
gcc: fatal error: no input files
compilation terminated.
/builddir/build/BUILD/Python-2.7.3/Parser/node.c: In function 'PyNode_AddChild':
/builddir/build/BUILD/Python-2.7.3/Parser/node.c:94:31: warning: comparison between signed and unsigned integer expressions [-Wsign-compare]
/builddir/build/BUILD/Python-2.7.3/Parser/pgen.c: In function 'compile_rule':
/builddir/build/BUILD/Python-2.7.3/Parser/pgen.c:174:28: warning: suggest braces around empty body in an 'else' statement [-Wempty-body]
/builddir/build/BUILD/Python-2.7.3/Parser/pgen.c: In function 'compile_rhs':
/builddir/build/BUILD/Python-2.7.3/Parser/pgen.c:195:15: warning: suggest braces around empty body in an 'else' statement [-Wempty-body]
/builddir/build/BUILD/Python-2.7.3/Parser/pgen.c:210:19: warning: suggest braces around empty body in an 'else' statement [-Wempty-body]
/builddir/build/BUILD/Python-2.7.3/Parser/pgen.c: In function 'compile_alt':
/builddir/build/BUILD/Python-2.7.3/Parser/pgen.c:228:15: warning: suggest braces around empty body in an 'else' statement [-Wempty-body]
/builddir/build/BUILD/Python-2.7.3/Parser/pgen.c: In function 'compile_item':
/builddir/build/BUILD/Python-2.7.3/Parser/pgen.c:250:15: warning: suggest braces around empty body in an 'else' statement [-Wempty-body]
/builddir/build/BUILD/Python-2.7.3/Parser/pgen.c:253:19: warning: suggest braces around empty body in an 'else' statement [-Wempty-body]
/builddir/build/BUILD/Python-2.7.3/Parser/pgen.c:262:19: warning: suggest braces around empty body in an 'else' statement [-Wempty-body]
/builddir/build/BUILD/Python-2.7.3/Parser/pgen.c: In function 'compile_atom':
/builddir/build/BUILD/Python-2.7.3/Parser/pgen.c:286:15: warning: suggest braces around empty body in an 'else' statement [-Wempty-body]
/builddir/build/BUILD/Python-2.7.3/Parser/pgen.c:289:19: warning: suggest braces around empty body in an 'else' statement [-Wempty-body]
/builddir/build/BUILD/Python-2.7.3/Parser/parsetok.c: In function 'parsetok':
/builddir/build/BUILD/Python-2.7.3/Parser/parsetok.c:134:43: warning: variable 'handling_with' set but not used [-Wunused-but-set-variable]
/builddir/build/BUILD/Python-2.7.3/Parser/metagrammar.c:15:5: warning: missing initializer [-Wmissing-field-initializers]
/builddir/build/BUILD/Python-2.7.3/Parser/metagrammar.c:15:5: warning: (near initialization for 'states_0[0].s_lower') [-Wmissing-field-initializers]
/builddir/build/BUILD/Python-2.7.3/Parser/metagrammar.c:16:5: warning: missing initializer [-Wmissing-field-initializers]
/builddir/build/BUILD/Python-2.7.3/Parser/metagrammar.c:16:5: warning: (near initialization for 'states_0[1].s_lower') [-Wmissing-field-initializers]
/builddir/build/BUILD/Python-2.7.3/Parser/metagrammar.c:34:5: warning: missing initializer [-Wmissing-field-initializers]
/builddir/build/BUILD/Python-2.7.3/Parser/metagrammar.c:34:5: warning: (near initialization for 'states_1[0].s_lower') [-Wmissing-field-initializers]
/builddir/build/BUILD/Python-2.7.3/Parser/metagrammar.c:35:5: warning: missing initializer [-Wmissing-field-initializers]
/builddir/build/BUILD/Python-2.7.3/Parser/metagrammar.c:35:5: warning: (near initialization for 'states_1[1].s_lower') [-Wmissing-field-initializers]
/builddir/build/BUILD/Python-2.7.3/Parser/metagrammar.c:36:5: warning: missing initializer [-Wmissing-field-initializers]
/builddir/build/BUILD/Python-2.7.3/Parser/metagrammar.c:36:5: warning: (near initialization for 'states_1[2].s_lower') [-Wmissing-field-initializers]
/builddir/build/BUILD/Python-2.7.3/Parser/metagrammar.c:37:5: warning: missing initializer [-Wmissing-field-initializers]
/builddir/build/BUILD/Python-2.7.3/Parser/metagrammar.c:37:5: warning: (near initialization for 'states_1[3].s_lower') [-Wmissing-field-initializers]
/builddir/build/BUILD/Python-2.7.3/Parser/metagrammar.c:38:5: warning: missing initializer [-Wmissing-field-initializers]
/builddir/build/BUILD/Python-2.7.3/Parser/metagrammar.c:38:5: warning: (near initialization for 'states_1[4].s_lower') [-Wmissing-field-initializers]
/builddir/build/BUILD/Python-2.7.3/Parser/metagrammar.c:48:5: warning: missing initializer [-Wmissing-field-initializers]
/builddir/build/BUILD/Python-2.7.3/Parser/metagrammar.c:48:5: warning: (near initialization for 'states_2[0].s_lower') [-Wmissing-field-initializers]
/builddir/build/BUILD/Python-2.7.3/Parser/metagrammar.c:49:5: warning: missing initializer [-Wmissing-field-initializers]
/builddir/build/BUILD/Python-2.7.3/Parser/metagrammar.c:49:5: warning: (near initialization for 'states_2[1].s_lower') [-Wmissing-field-initializers]
/builddir/build/BUILD/Python-2.7.3/Parser/metagrammar.c:59:5: warning: missing initializer [-Wmissing-field-initializers]
/builddir/build/BUILD/Python-2.7.3/Parser/metagrammar.c:59:5: warning: (near initialization for 'states_3[0].s_lower') [-Wmissing-field-initializers]
/builddir/build/BUILD/Python-2.7.3/Parser/metagrammar.c:60:5: warning: missing initializer [-Wmissing-field-initializers]
/builddir/build/BUILD/Python-2.7.3/Parser/metagrammar.c:60:5: warning: (near initialization for 'states_3[1].s_lower') [-Wmissing-field-initializers]
/builddir/build/BUILD/Python-2.7.3/Parser/metagrammar.c:81:5: warning: missing initializer [-Wmissing-field-initializers]
/builddir/build/BUILD/Python-2.7.3/Parser/metagrammar.c:81:5: warning: (near initialization for 'states_4[0].s_lower') [-Wmissing-field-initializers]
/builddir/build/BUILD/Python-2.7.3/Parser/metagrammar.c:82:5: warning: missing initializer [-Wmissing-field-initializers]
/builddir/build/BUILD/Python-2.7.3/Parser/metagrammar.c:82:5: warning: (near initialization for 'states_4[1].s_lower') [-Wmissing-field-initializers]
/builddir/build/BUILD/Python-2.7.3/Parser/metagrammar.c:83:5: warning: missing initializer [-Wmissing-field-initializers]
/builddir/build/BUILD/Python-2.7.3/Parser/metagrammar.c:83:5: warning: (near initialization for 'states_4[2].s_lower') [-Wmissing-field-initializers]
/builddir/build/BUILD/Python-2.7.3/Parser/metagrammar.c:84:5: warning: missing initializer [-Wmissing-field-initializers]
/builddir/build/BUILD/Python-2.7.3/Parser/metagrammar.c:84:5: warning: (near initialization for 'states_4[3].s_lower') [-Wmissing-field-initializers]
/builddir/build/BUILD/Python-2.7.3/Parser/metagrammar.c:85:5: warning: missing initializer [-Wmissing-field-initializers]
/builddir/build/BUILD/Python-2.7.3/Parser/metagrammar.c:85:5: warning: (near initialization for 'states_4[4].s_lower') [-Wmissing-field-initializers]
/builddir/build/BUILD/Python-2.7.3/Parser/metagrammar.c:102:5: warning: missing initializer [-Wmissing-field-initializers]
/builddir/build/BUILD/Python-2.7.3/Parser/metagrammar.c:102:5: warning: (near initialization for 'states_5[0].s_lower') [-Wmissing-field-initializers]
/builddir/build/BUILD/Python-2.7.3/Parser/metagrammar.c:103:5: warning: missing initializer [-Wmissing-field-initializers]
/builddir/build/BUILD/Python-2.7.3/Parser/metagrammar.c:103:5: warning: (near initialization for 'states_5[1].s_lower') [-Wmissing-field-initializers]
/builddir/build/BUILD/Python-2.7.3/Parser/metagrammar.c:104:5: warning: missing initializer [-Wmissing-field-initializers]
/builddir/build/BUILD/Python-2.7.3/Parser/metagrammar.c:104:5: warning: (near initialization for 'states_5[2].s_lower') [-Wmissing-field-initializers]
/builddir/build/BUILD/Python-2.7.3/Parser/metagrammar.c:105:5: warning: missing initializer [-Wmissing-field-initializers]
/builddir/build/BUILD/Python-2.7.3/Parser/metagrammar.c:105:5: warning: (near initialization for 'states_5[3].s_lower') [-Wmissing-field-initializers]
/builddir/build/BUILD/Python-2.7.3/Parser/metagrammar.c:147:1: warning: missing initializer [-Wmissing-field-initializers]
/builddir/build/BUILD/Python-2.7.3/Parser/metagrammar.c:147:1: warning: (near initialization for '_PyParser_Grammar.g_accel') [-Wmissing-field-initializers]
/builddir/build/BUILD/Python-2.7.3/Objects/boolobject.c: In function 'bool_print':
/builddir/build/BUILD/Python-2.7.3/Objects/boolobject.c:8:46: warning: unused parameter 'flags' [-Wunused-parameter]
/builddir/build/BUILD/Python-2.7.3/Objects/boolobject.c: In function 'bool_new':
/builddir/build/BUILD/Python-2.7.3/Objects/boolobject.c:53:24: warning: unused parameter 'type' [-Wunused-parameter]
/builddir/build/BUILD/Python-2.7.3/Objects/boolobject.c: At top level:
/builddir/build/BUILD/Python-2.7.3/Objects/boolobject.c:146:1: warning: missing initializer [-Wmissing-field-initializers]
/builddir/build/BUILD/Python-2.7.3/Objects/boolobject.c:146:1: warning: (near initialization for 'bool_as_number.nb_index') [-Wmissing-field-initializers]
/builddir/build/BUILD/Python-2.7.3/Objects/boolobject.c:189:1: warning: missing initializer [-Wmissing-field-initializers]
/builddir/build/BUILD/Python-2.7.3/Objects/boolobject.c:189:1: warning: (near initialization for 'PyBool_Type.tp_free') [-Wmissing-field-initializers]
/builddir/build/BUILD/Python-2.7.3/Objects/bufferobject.c: In function 'PyBuffer_New':
/builddir/build/BUILD/Python-2.7.3/Objects/bufferobject.c:210:20: warning: comparison between signed and unsigned integer expressions [-Wsign-compare]
/builddir/build/BUILD/Python-2.7.3/Objects/bufferobject.c: In function 'buffer_new':
/builddir/build/BUILD/Python-2.7.3/Objects/bufferobject.c:233:26: warning: unused parameter 'type' [-Wunused-parameter]
/builddir/build/BUILD/Python-2.7.3/Objects/bufferobject.c: In function 'buffer_concat':
/builddir/build/BUILD/Python-2.7.3/Objects/bufferobject.c:416:5: warning: comparison between signed and unsigned integer expressions [-Wsign-compare]
/builddir/build/BUILD/Python-2.7.3/Objects/bufferobject.c: At top level:
/builddir/build/BUILD/Python-2.7.3/Objects/bufferobject.c:813:1: warning: missing initializer [-Wmissing-field-initializers]
/builddir/build/BUILD/Python-2.7.3/Objects/bufferobject.c:813:1: warning: (near initialization for 'buffer_as_sequence.sq_contains') [-Wmissing-field-initializers]
/builddir/build/BUILD/Python-2.7.3/Objects/bufferobject.c:826:1: warning: missing initializer [-Wmissing-field-initializers]
/builddir/build/BUILD/Python-2.7.3/Objects/bufferobject.c:826:1: warning: (near initialization for 'buffer_as_buffer.bf_getbuffer') [-Wmissing-field-initializers]
/builddir/build/BUILD/Python-2.7.3/Objects/bufferobject.c:867:1: warning: missing initializer [-Wmissing-field-initializers]
/builddir/build/BUILD/Python-2.7.3/Objects/bufferobject.c:867:1: warning: (near initialization for 'PyBuffer_Type.tp_free') [-Wmissing-field-initializers]
/builddir/build/BUILD/Python-2.7.3/Objects/bytearrayobject.c: In function 'bytearray_releasebuffer':
/builddir/build/BUILD/Python-2.7.3/Objects/bytearrayobject.c:124:60: warning: unused parameter 'view' [-Wunused-parameter]
In file included from /builddir/build/BUILD/Python-2.7.3/Objects/bytearrayobject.c:1120:0:
/builddir/build/BUILD/Python-2.7.3/Objects/stringlib/partition.h: In function 'stringlib_partition':
/builddir/build/BUILD/Python-2.7.3/Objects/stringlib/partition.h:11:31: warning: unused parameter 'str_obj' [-Wunused-parameter]
/builddir/build/BUILD/Python-2.7.3/Objects/stringlib/partition.h: In function 'stringlib_rpartition':
/builddir/build/BUILD/Python-2.7.3/Objects/stringlib/partition.h:61:32: warning: unused parameter 'str_obj' [-Wunused-parameter]
In file included from /builddir/build/BUILD/Python-2.7.3/Objects/bytearrayobject.c:1121:0:
/builddir/build/BUILD/Python-2.7.3/Objects/stringlib/split.h: In function 'stringlib_split_whitespace':
/builddir/build/BUILD/Python-2.7.3/Objects/stringlib/split.h:57:38: warning: unused parameter 'str_obj' [-Wunused-parameter]
/builddir/build/BUILD/Python-2.7.3/Objects/stringlib/split.h: In function 'stringlib_split_char':
/builddir/build/BUILD/Python-2.7.3/Objects/stringlib/split.h:105:32: warning: unused parameter 'str_obj' [-Wunused-parameter]
/builddir/build/BUILD/Python-2.7.3/Objects/stringlib/split.h: In function 'stringlib_rsplit_whitespace':
/builddir/build/BUILD/Python-2.7.3/Objects/stringlib/split.h:196:39: warning: unused parameter 'str_obj' [-Wunused-parameter]
/builddir/build/BUILD/Python-2.7.3/Objects/stringlib/split.h: In function 'stringlib_rsplit_char':
/builddir/build/BUILD/Python-2.7.3/Objects/stringlib/split.h:246:33: warning: unused parameter 'str_obj' [-Wunused-parameter]
/builddir/build/BUILD/Python-2.7.3/Objects/stringlib/split.h: In function 'stringlib_splitlines':
/builddir/build/BUILD/Python-2.7.3/Objects/stringlib/split.h:339:32: warning: unused parameter 'str_obj' [-Wunused-parameter]
/builddir/build/BUILD/Python-2.7.3/Objects/bytearrayobject.c: In function 'replace_substring_in_place':
/builddir/build/BUILD/Python-2.7.3/Objects/bytearrayobject.c:1761:57: warning: unused parameter 'to_len' [-Wunused-parameter]
/builddir/build/BUILD/Python-2.7.3/Objects/bytearrayobject.c: In function 'bytearray_reverse':
/builddir/build/BUILD/Python-2.7.3/Objects/bytearrayobject.c:2187:54: warning: unused parameter 'unused' [-Wunused-parameter]
/builddir/build/BUILD/Python-2.7.3/Objects/bytearrayobject.c: In function 'bytearray_fromhex':
/builddir/build/BUILD/Python-2.7.3/Objects/bytearrayobject.c:2690:29: warning: unused parameter 'cls' [-Wunused-parameter]
/builddir/build/BUILD/Python-2.7.3/Objects/bytearrayobject.c: At top level:
/builddir/build/BUILD/Python-2.7.3/Objects/bytearrayobject.c:2926:1: warning: missing initializer [-Wmissing-field-initializers]
/builddir/build/BUILD/Python-2.7.3/Objects/bytearrayobject.c:2926:1: warning: (near initialization for 'PyByteArray_Type.tp_is_gc') [-Wmissing-field-initializers]
/builddir/build/BUILD/Python-2.7.3/Objects/bytearrayobject.c:2991:5: warning: missing initializer [-Wmissing-field-initializers]
/builddir/build/BUILD/Python-2.7.3/Objects/bytearrayobject.c:2991:5: warning: (near initialization for 'bytearrayiter_methods[1].ml_flags') [-Wmissing-field-initializers]
/builddir/build/BUILD/Python-2.7.3/Objects/bytearrayobject.c:3025:1: warning: missing initializer [-Wmissing-field-initializers]
/builddir/build/BUILD/Python-2.7.3/Objects/bytearrayobject.c:3025:1: warning: (near initialization for 'PyByteArrayIter_Type.tp_getset') [-Wmissing-field-initializers]
/builddir/build/BUILD/Python-2.7.3/Parser/tokenizer.c: In function 'check_bom':
/builddir/build/BUILD/Python-2.7.3/Parser/tokenizer.c:311:15: warning: unused parameter 'set_readline' [-Wunused-parameter]
